Start testing: Mar 31 19:37 EDT
----------------------------------------------------------
1/1 Testing: qa_willSink
1/1 Test: qa_willSink
Command: "/bin/sh" "/home/josh/Documents/SD/21-29-Starobike/GNU/NewModule/gr-willSink/build/python/qa_willSink_test.sh"
Directory: /home/josh/Documents/SD/21-29-Starobike/GNU/NewModule/gr-willSink/build/python
"qa_willSink" start time: Mar 31 19:37 EDT
Output:
----------------------------------------------------------
qt5ct: using qt5ct plugin
E
======================================================================
ERROR: test_001_t (__main__.qa_willSink)
----------------------------------------------------------------------
Traceback (most recent call last):
  File "/home/josh/Documents/SD/21-29-Starobike/GNU/NewModule/gr-willSink/python/qa_willSink.py", line 38, in test_001_t
    dst = willSink().work(arr,None)
  File "/home/josh/Documents/SD/21-29-Starobike/GNU/NewModule/gr-willSink/python/willSink.py", line 174, in __init__
    self.setParent(Parent)
NameError: name 'Parent' is not defined

----------------------------------------------------------------------
Ran 1 test in 0.205s

FAILED (errors=1)
<end of output>
Test time =   0.87 sec
----------------------------------------------------------
Test Failed.
"qa_willSink" end time: Mar 31 19:37 EDT
"qa_willSink" time elapsed: 00:00:00
----------------------------------------------------------

End testing: Mar 31 19:37 EDT
