Start testing: Mar 31 20:17 EDT
----------------------------------------------------------
1/1 Testing: qa_radarSink
1/1 Test: qa_radarSink
Command: "/bin/sh" "/home/josh/Documents/SD/21-29-Starobike/GNU/NewModule/gr-radarSink/build/python/qa_radarSink_test.sh"
Directory: /home/josh/Documents/SD/21-29-Starobike/GNU/NewModule/gr-radarSink/build/python
"qa_radarSink" start time: Mar 31 20:17 EDT
Output:
----------------------------------------------------------
  File "/home/josh/Documents/SD/21-29-Starobike/GNU/NewModule/gr-radarSink/python/qa_radarSink.py", line 34
    def test01(self):
                    ^
IndentationError: unindent does not match any outer indentation level
<end of output>
Test time =   0.17 sec
----------------------------------------------------------
Test Failed.
"qa_radarSink" end time: Mar 31 20:17 EDT
"qa_radarSink" time elapsed: 00:00:00
----------------------------------------------------------

End testing: Mar 31 20:17 EDT
